La génération a démarré 07/03/2017 23:15:38.
     1>Projet "C:\Users\camil\Documents\project_cpp\TPC++2\TPC++2\TPC++2.vcxproj" sur le nœud 2 (Build cible(s)).
     1>ClCompile:
         C:\Program Files (x86)\Microsoft Visual Studio 11.0\VC\bin\CL.exe /c /ZI /nologo /W3 /WX- /sdl /Od /Oy- /D WIN32 /D _DEBUG /D _CONSOLE /D _UNICODE /D UNICODE /Gm /EHsc /RTC1 /MDd /GS /fp:precise /Zc:wchar_t /Zc:forScope /Yu"stdafx.h" /Fp"Debug\TPC++2.pch" /Fo"Debug\\" /Fd"Debug\vc110.pdb" /Gd /TP /analyze- /errorReport:prompt Cexception.cpp TPC++2.cpp
         TPC++2.cpp
     1>c:\users\camil\documents\project_cpp\tpc++2\tpc++2\tpc++2.cpp(1): warning C4627: '#include "Cexception.h"' : ignoré lors de la recherche d'une utilisation d'un en-tête précompilé
                 Ajoutez la directive à 'stdafx.h' ou régénérez l'en-tête précompilé
     1>c:\users\camil\documents\project_cpp\tpc++2\tpc++2\tpc++2.cpp(2): warning C4627: '#include <iostream>' : ignoré lors de la recherche d'une utilisation d'un en-tête précompilé
                 Ajoutez la directive à 'stdafx.h' ou régénérez l'en-tête précompilé
     1>c:\users\camil\documents\project_cpp\tpc++2\tpc++2\tpc++2.cpp(38): fatal error C1010: fin de fichier inattendue lors de la recherche d'un en-tête précompilé. N'auriez-vous pas oublié d'ajouter '#include "stdafx.h"' à votre source ?
         Cexception.cpp
     1>c:\users\camil\documents\project_cpp\tpc++2\tpc++2\cexception.cpp(1): warning C4627: '#include "Cexception.h"' : ignoré lors de la recherche d'une utilisation d'un en-tête précompilé
                 Ajoutez la directive à 'stdafx.h' ou régénérez l'en-tête précompilé
     1>c:\users\camil\documents\project_cpp\tpc++2\tpc++2\cexception.cpp(105): fatal error C1010: fin de fichier inattendue lors de la recherche d'un en-tête précompilé. N'auriez-vous pas oublié d'ajouter '#include "stdafx.h"' à votre source ?
         Génération de code en cours...
     1>Génération du projet "C:\Users\camil\Documents\project_cpp\TPC++2\TPC++2\TPC++2.vcxproj" terminée (Build cible(s)) -- ÉCHEC.

ÉCHEC de la build.

Temps écoulé 00:00:00.43
